  Bilet.cpp
C:\Users\40763\source\repos\TICKETING APP_Stoian Iulia Petriana\TICKETING APP_Stoian Iulia Petriana\User.h(22,9): error C2065: 'Bilet': undeclared identifier
C:\Users\40763\source\repos\TICKETING APP_Stoian Iulia Petriana\TICKETING APP_Stoian Iulia Petriana\User.h(22,15): error C2059: syntax error: '>'
C:\Users\40763\source\repos\TICKETING APP_Stoian Iulia Petriana\TICKETING APP_Stoian Iulia Petriana\User.h(31,120): error C2065: 'Bilet': undeclared identifier
C:\Users\40763\source\repos\TICKETING APP_Stoian Iulia Petriana\TICKETING APP_Stoian Iulia Petriana\User.h(31): error C2059: syntax error: '>'
C:\Users\40763\source\repos\TICKETING APP_Stoian Iulia Petriana\TICKETING APP_Stoian Iulia Petriana\User.h(31,6): error C2059: syntax error: '>'
C:\Users\40763\source\repos\TICKETING APP_Stoian Iulia Petriana\TICKETING APP_Stoian Iulia Petriana\User.h(60,32): error C2065: 'Bilet': undeclared identifier
C:\Users\40763\source\repos\TICKETING APP_Stoian Iulia Petriana\TICKETING APP_Stoian Iulia Petriana\User.h(60,38): error C2059: syntax error: '>'
C:\Users\40763\source\repos\TICKETING APP_Stoian Iulia Petriana\TICKETING APP_Stoian Iulia Petriana\User.h(61,30): error C2065: 'Eveniment': undeclared identifier
C:\Users\40763\source\repos\TICKETING APP_Stoian Iulia Petriana\TICKETING APP_Stoian Iulia Petriana\User.h(61,40): error C2059: syntax error: '>'
C:\Users\40763\source\repos\TICKETING APP_Stoian Iulia Petriana\TICKETING APP_Stoian Iulia Petriana\Eveniment.h(64,63): error C2065: 'Bilet': undeclared identifier
C:\Users\40763\source\repos\TICKETING APP_Stoian Iulia Petriana\TICKETING APP_Stoian Iulia Petriana\Eveniment.h(64,69): error C2059: syntax error: '>'
  User.cpp
C:\Users\40763\source\repos\TICKETING APP_Stoian Iulia Petriana\TICKETING APP_Stoian Iulia Petriana\Bilet.h(23,12): error C3646: 'eveniment': unknown override specifier
C:\Users\40763\source\repos\TICKETING APP_Stoian Iulia Petriana\TICKETING APP_Stoian Iulia Petriana\Bilet.h(23,21): error C4430: missing type specifier - int assumed. Note: C++ does not support default-int
C:\Users\40763\source\repos\TICKETING APP_Stoian Iulia Petriana\TICKETING APP_Stoian Iulia Petriana\User.cpp(96,25): warning C4267: 'initializing': conversion from 'size_t' to 'int', possible loss of data
  Eveniment.cpp
C:\Users\40763\source\repos\TICKETING APP_Stoian Iulia Petriana\TICKETING APP_Stoian Iulia Petriana\User.h(22,9): error C2065: 'Bilet': undeclared identifier
C:\Users\40763\source\repos\TICKETING APP_Stoian Iulia Petriana\TICKETING APP_Stoian Iulia Petriana\User.h(22,15): error C2059: syntax error: '>'
C:\Users\40763\source\repos\TICKETING APP_Stoian Iulia Petriana\TICKETING APP_Stoian Iulia Petriana\User.h(31,120): error C2065: 'Bilet': undeclared identifier
C:\Users\40763\source\repos\TICKETING APP_Stoian Iulia Petriana\TICKETING APP_Stoian Iulia Petriana\User.h(31): error C2059: syntax error: '>'
C:\Users\40763\source\repos\TICKETING APP_Stoian Iulia Petriana\TICKETING APP_Stoian Iulia Petriana\User.h(31,6): error C2059: syntax error: '>'
C:\Users\40763\source\repos\TICKETING APP_Stoian Iulia Petriana\TICKETING APP_Stoian Iulia Petriana\User.h(60,32): error C2065: 'Bilet': undeclared identifier
C:\Users\40763\source\repos\TICKETING APP_Stoian Iulia Petriana\TICKETING APP_Stoian Iulia Petriana\User.h(60,38): error C2059: syntax error: '>'
C:\Users\40763\source\repos\TICKETING APP_Stoian Iulia Petriana\TICKETING APP_Stoian Iulia Petriana\User.h(61,30): error C2065: 'Eveniment': undeclared identifier
C:\Users\40763\source\repos\TICKETING APP_Stoian Iulia Petriana\TICKETING APP_Stoian Iulia Petriana\User.h(61,40): error C2059: syntax error: '>'
C:\Users\40763\source\repos\TICKETING APP_Stoian Iulia Petriana\TICKETING APP_Stoian Iulia Petriana\Bilet.h(23,12): error C3646: 'eveniment': unknown override specifier
C:\Users\40763\source\repos\TICKETING APP_Stoian Iulia Petriana\TICKETING APP_Stoian Iulia Petriana\Bilet.h(23,21): error C4430: missing type specifier - int assumed. Note: C++ does not support default-int
C:\Users\40763\source\repos\TICKETING APP_Stoian Iulia Petriana\TICKETING APP_Stoian Iulia Petriana\Eveniment.cpp(181,44): warning C4267: 'initializing': conversion from 'size_t' to 'int', possible loss of data
  Main.cpp
C:\Users\40763\source\repos\TICKETING APP_Stoian Iulia Petriana\TICKETING APP_Stoian Iulia Petriana\User.h(22,9): error C2065: 'Bilet': undeclared identifier
C:\Users\40763\source\repos\TICKETING APP_Stoian Iulia Petriana\TICKETING APP_Stoian Iulia Petriana\User.h(22,15): error C2059: syntax error: '>'
C:\Users\40763\source\repos\TICKETING APP_Stoian Iulia Petriana\TICKETING APP_Stoian Iulia Petriana\User.h(31,120): error C2065: 'Bilet': undeclared identifier
C:\Users\40763\source\repos\TICKETING APP_Stoian Iulia Petriana\TICKETING APP_Stoian Iulia Petriana\User.h(31): error C2059: syntax error: '>'
C:\Users\40763\source\repos\TICKETING APP_Stoian Iulia Petriana\TICKETING APP_Stoian Iulia Petriana\User.h(31,6): error C2059: syntax error: '>'
C:\Users\40763\source\repos\TICKETING APP_Stoian Iulia Petriana\TICKETING APP_Stoian Iulia Petriana\User.h(60,32): error C2065: 'Bilet': undeclared identifier
C:\Users\40763\source\repos\TICKETING APP_Stoian Iulia Petriana\TICKETING APP_Stoian Iulia Petriana\User.h(60,38): error C2059: syntax error: '>'
C:\Users\40763\source\repos\TICKETING APP_Stoian Iulia Petriana\TICKETING APP_Stoian Iulia Petriana\User.h(61,30): error C2065: 'Eveniment': undeclared identifier
C:\Users\40763\source\repos\TICKETING APP_Stoian Iulia Petriana\TICKETING APP_Stoian Iulia Petriana\User.h(61,40): error C2059: syntax error: '>'
C:\Users\40763\source\repos\TICKETING APP_Stoian Iulia Petriana\TICKETING APP_Stoian Iulia Petriana\Bilet.h(23,12): error C3646: 'eveniment': unknown override specifier
C:\Users\40763\source\repos\TICKETING APP_Stoian Iulia Petriana\TICKETING APP_Stoian Iulia Petriana\Bilet.h(23,21): error C4430: missing type specifier - int assumed. Note: C++ does not support default-int
C:\Users\40763\source\repos\TICKETING APP_Stoian Iulia Petriana\TICKETING APP_Stoian Iulia Petriana\Main.cpp(11,13): warning C4326: return type of 'main' should be 'int' instead of 'void'
  Generating Code...
