c:\users\40763\source\repos\ticketing app_stoian iulia petriana\ticketing app_stoian iulia petriana\debug\vc143.pdb
c:\users\40763\source\repos\ticketing app_stoian iulia petriana\ticketing app_stoian iulia petriana\debug\vc143.idb
c:\users\40763\source\repos\ticketing app_stoian iulia petriana\ticketing app_stoian iulia petriana\debug\main.obj
c:\users\40763\source\repos\ticketing app_stoian iulia petriana\ticketing app_stoian iulia petriana\debug\eveniment.obj
c:\users\40763\source\repos\ticketing app_stoian iulia petriana\ticketing app_stoian iulia petriana\debug\user.obj
c:\users\40763\source\repos\ticketing app_stoian iulia petriana\ticketing app_stoian iulia petriana\debug\bilet.obj
c:\users\40763\source\repos\ticketing app_stoian iulia petriana\ticketing app_stoian iulia petriana\debug\meniu.obj
c:\users\40763\source\repos\ticketing app_stoian iulia petriana\ticketing app_stoian iulia petriana\debug\mecifotbal.obj
c:\users\40763\source\repos\ticketing app_stoian iulia petriana\ticketing app_stoian iulia petriana\debug\ibilet.obj
c:\users\40763\source\repos\ticketing app_stoian iulia petriana\ticketing app_stoian iulia petriana\debug\film.obj
c:\users\40763\source\repos\ticketing app_stoian iulia petriana\ticketing app_stoian iulia petriana\debug\piesateatru.obj
c:\users\40763\source\repos\ticketing app_stoian iulia petriana\ticketing app_stoian iulia petriana\debug\login.obj
c:\users\40763\source\repos\ticketing app_stoian iulia petriana\ticketing app_stoian iulia petriana\debug\credentiale.obj
c:\users\40763\source\repos\ticketing app_stoian iulia petriana\ticketing app_stoian iulia petriana\debug\angajat.obj
c:\users\40763\source\repos\ticketing app_stoian iulia petriana\debug\ticketing app_stoian iulia petriana.exe
c:\users\40763\source\repos\ticketing app_stoian iulia petriana\ticketing app_stoian iulia petriana\debug\ticketing app_stoian iulia petriana.ilk
c:\users\40763\source\repos\ticketing app_stoian iulia petriana\debug\ticketing app_stoian iulia petriana.pdb
c:\users\40763\source\repos\ticketing app_stoian iulia petriana\ticketing app_stoian iulia petriana\debug\ticketin.710c014d.tlog\cl.command.1.tlog
c:\users\40763\source\repos\ticketing app_stoian iulia petriana\ticketing app_stoian iulia petriana\debug\ticketin.710c014d.tlog\cl.read.1.tlog
c:\users\40763\source\repos\ticketing app_stoian iulia petriana\ticketing app_stoian iulia petriana\debug\ticketin.710c014d.tlog\cl.write.1.tlog
c:\users\40763\source\repos\ticketing app_stoian iulia petriana\ticketing app_stoian iulia petriana\debug\ticketin.710c014d.tlog\link-cvtres.read.1.tlog
c:\users\40763\source\repos\ticketing app_stoian iulia petriana\ticketing app_stoian iulia petriana\debug\ticketin.710c014d.tlog\link-cvtres.write.1.tlog
c:\users\40763\source\repos\ticketing app_stoian iulia petriana\ticketing app_stoian iulia petriana\debug\ticketin.710c014d.tlog\link-rc.read.1.tlog
c:\users\40763\source\repos\ticketing app_stoian iulia petriana\ticketing app_stoian iulia petriana\debug\ticketin.710c014d.tlog\link-rc.write.1.tlog
c:\users\40763\source\repos\ticketing app_stoian iulia petriana\ticketing app_stoian iulia petriana\debug\ticketin.710c014d.tlog\link.21672-cvtres.read.1.tlog
c:\users\40763\source\repos\ticketing app_stoian iulia petriana\ticketing app_stoian iulia petriana\debug\ticketin.710c014d.tlog\link.21672-cvtres.write.1.tlog
c:\users\40763\source\repos\ticketing app_stoian iulia petriana\ticketing app_stoian iulia petriana\debug\ticketin.710c014d.tlog\link.21672-rc.read.1.tlog
c:\users\40763\source\repos\ticketing app_stoian iulia petriana\ticketing app_stoian iulia petriana\debug\ticketin.710c014d.tlog\link.21672-rc.write.1.tlog
c:\users\40763\source\repos\ticketing app_stoian iulia petriana\ticketing app_stoian iulia petriana\debug\ticketin.710c014d.tlog\link.21672.read.1.tlog
c:\users\40763\source\repos\ticketing app_stoian iulia petriana\ticketing app_stoian iulia petriana\debug\ticketin.710c014d.tlog\link.21672.write.1.tlog
c:\users\40763\source\repos\ticketing app_stoian iulia petriana\ticketing app_stoian iulia petriana\debug\ticketin.710c014d.tlog\link.command.1.tlog
c:\users\40763\source\repos\ticketing app_stoian iulia petriana\ticketing app_stoian iulia petriana\debug\ticketin.710c014d.tlog\link.read.1.tlog
c:\users\40763\source\repos\ticketing app_stoian iulia petriana\ticketing app_stoian iulia petriana\debug\ticketin.710c014d.tlog\link.write.1.tlog
